<?xml version="1.0" encoding="UTF-8"?>
<!-- Generated by org.testng.reporters.JUnitXMLReporter -->
<testsuite ignored="0" hostname="DESKTOP-MSPM6D0" failures="0" tests="5" name="FirefoxTest" time="180.208" errors="0" timestamp="2025-02-01T18:46:19 IST">
  <testcase classname="testCases.TC003_LoginDDT" name="verify_loginDDT" time="0.0">
    <skipped/>
  </testcase> <!-- verify_loginDDT -->
  <testcase classname="testCases.TC003_LoginDDT" name="verify_loginDDT" time="0.0">
    <skipped/>
  </testcase> <!-- verify_loginDDT -->
  <testcase classname="testCases.TC003_LoginDDT" name="verify_loginDDT" time="0.0">
    <skipped/>
  </testcase> <!-- verify_loginDDT -->
  <testcase classname="testCases.TC003_LoginDDT" name="verify_loginDDT" time="0.0">
    <skipped/>
  </testcase> <!-- verify_loginDDT -->
  <testcase classname="testCases.TC003_LoginDDT" name="verify_loginDDT" time="0.0">
    <skipped/>
  </testcase> <!-- verify_loginDDT -->
</testsuite> <!-- FirefoxTest -->
