<?xml version="1.0" encoding="UTF-8"?>
<!-- Generated by org.testng.reporters.JUnitXMLReporter -->
<testsuite ignored="0" hostname="DESKTOP-MSPM6D0" failures="1" tests="5" name="FirefoxTest" time="34.169" errors="0" timestamp="2025-02-03T18:53:21 IST">
  <testcase classname="testCases.TC003_LoginDDT" name="verify_loginDDT" time="1.642"/>
  <testcase classname="testCases.TC003_LoginDDT" name="verify_loginDDT" time="11.009"/>
  <testcase classname="testCases.TC003_LoginDDT" name="verify_loginDDT" time="1.434">
    <failure type="java.lang.AssertionError" message="expected [true] but found [false]">
      <![CDATA[java.lang.AssertionError: expected [true] but found [false]
at testCases.TC003_LoginDDT.verify_loginDDT(TC003_LoginDDT.java:56)
at java.base/java.util.ArrayList.forEach(ArrayList.java:1541)
... Removed 31 stack frames]]>
    </failure>
  </testcase> <!-- verify_loginDDT -->
  <testcase classname="testCases.TC003_LoginDDT" name="verify_loginDDT" time="11.046"/>
  <testcase classname="testCases.TC003_LoginDDT" name="verify_loginDDT" time="1.594"/>
</testsuite> <!-- FirefoxTest -->
