<?xml version="1.0" encoding="UTF-8"?>
<!-- Generated by org.testng.reporters.JUnitXMLReporter -->
<testsuite ignored="0" hostname="DESKTOP-MSPM6D0" failures="1" tests="1" name="Test(failed)" time="15.552" errors="0" timestamp="2025-01-30T19:23:12 IST">
  <testcase classname="testCases.TC002_LoginTest" name="verify_Login" time="11.319">
    <failure type="java.lang.AssertionError" message="expected [true] but found [false]">
      <![CDATA[java.lang.AssertionError: expected [true] but found [false]
at testCases.TC002_LoginTest.verify_Login(TC002_LoginTest.java:35)
at java.base/java.util.ArrayList.forEach(ArrayList.java:1541)
... Removed 31 stack frames]]>
    </failure>
  </testcase> <!-- verify_Login -->
</testsuite> <!-- Test(failed) -->
