<?xml version="1.0" encoding="UTF-8"?>
<testng-results ignored="0" total="2" passed="2" failed="0" skipped="0">
  <reporter-output>
  </reporter-output>
  <suite started-at="2025-02-03T14:39:08 IST" name="Master Suite" finished-at="2025-02-03T14:39:17 IST" duration-ms="8729">
    <groups>
      <group name="Master">
        <method signature="TC001_AccoutRegistrationPage.verify_account_registration()[pri:0, instance:testCases.TC001_AccoutRegistrationPage@7c7d3c46]" name="verify_account_registration" class="testCases.TC001_AccoutRegistrationPage"/>
        <method signature="TC002_LoginTest.verify_Login()[pri:0, instance:testCases.TC002_LoginTest@4ae33a11]" name="verify_Login" class="testCases.TC002_LoginTest"/>
      </group> <!-- Master -->
      <group name="Sanity">
        <method signature="TC002_LoginTest.verify_Login()[pri:0, instance:testCases.TC002_LoginTest@4ae33a11]" name="verify_Login" class="testCases.TC002_LoginTest"/>
      </group> <!-- Sanity -->
      <group name="Regression">
        <method signature="TC001_AccoutRegistrationPage.verify_account_registration()[pri:0, instance:testCases.TC001_AccoutRegistrationPage@7c7d3c46]" name="verify_account_registration" class="testCases.TC001_AccoutRegistrationPage"/>
      </group> <!-- Regression -->
    </groups>
    <test started-at="2025-02-03T14:39:08 IST" name="Test" finished-at="2025-02-03T14:39:17 IST" duration-ms="8729">
      <class name="testCases.TC002_LoginTest">
        <test-method is-config="true" signature="setup(java.lang.String,java.lang.String)[pri:0, instance:testCases.TC002_LoginTest@4ae33a11]" started-at="2025-02-03T14:39:14 IST" name="setup" finished-at="2025-02-03T14:39:16 IST" duration-ms="1965" status="PASS">
          <params>
            <param index="0">
              <value>
                <![CDATA[linux]]>
              </value>
            </param>
            <param index="1">
              <value>
                <![CDATA[chrome]]>
              </value>
            </param>
          </params>
          <reporter-output>
          </reporter-output>
        </test-method> <!-- setup -->
        <test-method signature="verify_Login()[pri:0, instance:testCases.TC002_LoginTest@4ae33a11]" started-at="2025-02-03T14:39:16 IST" name="verify_Login" finished-at="2025-02-03T14:39:17 IST" duration-ms="1473" status="PASS">
          <reporter-output>
          </reporter-output>
        </test-method> <!-- verify_Login -->
        <test-method is-config="true" signature="tearDown()[pri:0, instance:testCases.TC002_LoginTest@4ae33a11]" started-at="2025-02-03T14:39:17 IST" name="tearDown" finished-at="2025-02-03T14:39:17 IST" duration-ms="161" status="PASS">
          <reporter-output>
          </reporter-output>
        </test-method> <!-- tearDown -->
      </class> <!-- testCases.TC002_LoginTest -->
      <class name="testCases.TC001_AccoutRegistrationPage">
        <test-method is-config="true" signature="setup(java.lang.String,java.lang.String)[pri:0, instance:testCases.TC001_AccoutRegistrationPage@7c7d3c46]" started-at="2025-02-03T14:39:09 IST" name="setup" finished-at="2025-02-03T14:39:11 IST" duration-ms="2650" status="PASS">
          <params>
            <param index="0">
              <value>
                <![CDATA[linux]]>
              </value>
            </param>
            <param index="1">
              <value>
                <![CDATA[chrome]]>
              </value>
            </param>
          </params>
          <reporter-output>
          </reporter-output>
        </test-method> <!-- setup -->
        <test-method signature="verify_account_registration()[pri:0, instance:testCases.TC001_AccoutRegistrationPage@7c7d3c46]" started-at="2025-02-03T14:39:11 IST" name="verify_account_registration" finished-at="2025-02-03T14:39:13 IST" duration-ms="2134" status="PASS">
          <reporter-output>
          </reporter-output>
        </test-method> <!-- verify_account_registration -->
        <test-method is-config="true" signature="tearDown()[pri:0, instance:testCases.TC001_AccoutRegistrationPage@7c7d3c46]" started-at="2025-02-03T14:39:13 IST" name="tearDown" finished-at="2025-02-03T14:39:14 IST" duration-ms="151" status="PASS">
          <reporter-output>
          </reporter-output>
        </test-method> <!-- tearDown -->
      </class> <!-- testCases.TC001_AccoutRegistrationPage -->
    </test> <!-- Test -->
  </suite> <!-- Master Suite -->
</testng-results>
